<?xml version="1.0" encoding="UTF-8"?>
<!-- Generated by org.testng.reporters.JUnitReportReporter -->
<testsuite hostname="DESKTOP-K0ITVV0" failures="0" tests="1" name="module.DemoTest" time="0.015" errors="0" timestamp="2022-03-27T22:19:05 IST" skipped="0">
  <testcase classname="module.DemoTest" name="createcon" time="0.015"/>
  <system-out/>
</testsuite> <!-- module.DemoTest -->
